#
# A fatal error has been detected by the Java Runtime Environment:
#
#  SIGSEGV (0xb) at pc=0x00007f62ec54f705, pid=326583, tid=326584
#
# JRE version: OpenJDK Runtime Environment Temurin-21.0.8+9 (21.0.8+9) (build 21.0.8+9-LTS)
# Java VM: OpenJDK 64-Bit Server VM Temurin-21.0.8+9 (21.0.8+9-LTS, mixed mode, sharing, tiered, compressed oops, compressed class ptrs, g1 gc, linux-amd64)
# Problematic frame:
# j  java.lang.invoke.ClassSpecializer$Factory.loadSpecies(Ljava/lang/invoke/ClassSpecializer$SpeciesData;)Ljava/lang/invoke/ClassSpecializer$SpeciesData;+73 java.base@21.0.8
#
# Core dump will be written. Default location: Core dumps may be processed with "/usr/lib/systemd/systemd-coredump %P %u %g %s %t %c %h %d %F" (or dumping to /home/lezh1n/Workspace/Project/bot-cv/Job-Recruitment-Platform-Server/core.326583)
#
# If you would like to submit a bug report, please visit:
#   https://github.com/adoptium/adoptium-support/issues
#

---------------  S U M M A R Y ------------

Command Line: -Dapplication.home=/home/lezh1n/.vscode/extensions/redhat.java-1.46.0-linux-x64/jre/21.0.8-linux-x86_64 -Xms8m -Djdk.module.main=jdk.jcmd jdk.jcmd/sun.tools.jcmd.JCmd 19645 VM.uptime

Host: 12th Gen Intel(R) Core(TM) i5-12400F, 12 cores, 15G, Fedora release 42 (Adams)
Time: Thu Oct  9 17:16:13 2025 +07 elapsed time: 0.047613 seconds (0d 0h 0m 0s)

---------------  T H R E A D  ---------------

Current thread (0x00007f62f402b440):  JavaThread "main"             [_thread_in_Java, id=326584, stack(0x00007f62fbd00000,0x00007f62fbe00000) (1024K)]

Stack: [0x00007f62fbd00000,0x00007f62fbe00000],  sp=0x00007f62fbdfd908,  free space=1014k
Native frames: (J=compiled Java code, j=interpreted, Vv=VM code, C=native code)
j  java.lang.invoke.ClassSpecializer$Factory.loadSpecies(Ljava/lang/invoke/ClassSpecializer$SpeciesData;)Ljava/lang/invoke/ClassSpecializer$SpeciesData;+73 java.base@21.0.8
j  java.lang.invoke.ClassSpecializer.findSpecies(Ljava/lang/Object;)Ljava/lang/invoke/ClassSpecializer$SpeciesData;+53 java.base@21.0.8
j  java.lang.invoke.BoundMethodHandle$SpeciesData.extendWith(Ljava/lang/invoke/LambdaForm$BasicType;)Ljava/lang/invoke/BoundMethodHandle$SpeciesData;+48 java.base@21.0.8
j  java.lang.invoke.LambdaFormEditor.newSpeciesData(Ljava/lang/invoke/LambdaForm$BasicType;)Ljava/lang/invoke/BoundMethodHandle$SpeciesData;+5 java.base@21.0.8
j  java.lang.invoke.LambdaFormEditor.bindArgumentForm(I)Ljava/lang/invoke/LambdaForm;+78 java.base@21.0.8
j  java.lang.invoke.LambdaFormEditor.bindArgumentL(Ljava/lang/invoke/BoundMethodHandle;ILjava/lang/Object;)Ljava/lang/invoke/BoundMethodHandle;+44 java.base@21.0.8
j  java.lang.invoke.BoundMethodHandle.bindArgumentL(ILjava/lang/Object;)Ljava/lang/invoke/BoundMethodHandle;+7 java.base@21.0.8
j  java.lang.invoke.MethodHandles.insertArguments(Ljava/lang/invoke/MethodHandle;I[Ljava/lang/Object;)Ljava/lang/invoke/MethodHandle;+84 java.base@21.0.8
j  java.lang.invoke.StringConcatFactory.generateMHInlineCopy(Ljava/lang/invoke/MethodType;[Ljava/lang/String;)Ljava/lang/invoke/MethodHandle;+85 java.base@21.0.8
j  java.lang.invoke.StringConcatFactory.makeConcatWithConstants(Ljava/lang/invoke/MethodHandles$Lookup;Ljava/lang/String;Ljava/lang/invoke/MethodType;Ljava/lang/String;[Ljava/lang/Object;)Ljava/lang/invoke/CallSite;+227 java.base@21.0.8
j  java.lang.invoke.DirectMethodHandle$Holder.invokeStatic(Ljava/lang/Object;Ljava/lang/Object;Ljava/lang/Object;Ljava/lang/Object;Ljava/lang/Object;Ljava/lang/Object;)Ljava/lang/Object;+18 java.base@21.0.8
j  java.lang.invoke.DelegatingMethodHandle$Holder.delegate(Ljava/lang/Object;Ljava/lang/Object;Ljava/lang/Object;Ljava/lang/Object;Ljava/lang/Object;Ljava/lang/Object;)Ljava/lang/Object;+21 java.base@21.0.8
j  java.lang.invoke.Invokers$Holder.invokeExact_MT(Ljava/lang/Object;Ljava/lang/Object;Ljava/lang/Object;Ljava/lang/Object;Ljava/lang/Object;Ljava/lang/Object;Ljava/lang/Object;)Ljava/lang/Object;+26 java.base@21.0.8
j  java.lang.invoke.BootstrapMethodInvoker.invoke(Ljava/lang/Class;Ljava/lang/invoke/MethodHandle;Ljava/lang/String;Ljava/lang/Object;Ljava/lang/Object;Ljava/lang/Class;)Ljava/lang/Object;+157 java.base@21.0.8
j  java.lang.invoke.CallSite.makeSite(Ljava/lang/invoke/MethodHandle;Ljava/lang/String;Ljava/lang/invoke/MethodType;Ljava/lang/Object;Ljava/lang/Class;)Ljava/lang/invoke/CallSite;+8 java.base@21.0.8
j  java.lang.invoke.MethodHandleNatives.linkCallSiteImpl(Ljava/lang/Class;Ljava/lang/invoke/MethodHandle;Ljava/lang/String;Ljava/lang/invoke/MethodType;Ljava/lang/Object;[Ljava/lang/Object;)Ljava/lang/invoke/MemberName;+6 java.base@21.0.8
j  java.lang.invoke.MethodHandleNatives.linkCallSite(Ljava/lang/Object;Ljava/lang/Object;Ljava/lang/Object;Ljava/lang/Object;Ljava/lang/Object;[Ljava/lang/Object;)Ljava/lang/invoke/MemberName;+45 java.base@21.0.8
v  ~StubRoutines::call_stub 0x00007f62ec537cc6
V  [libjvm.so+0x915b55]  JavaCalls::call_helper(JavaValue*, methodHandle const&, JavaCallArguments*, JavaThread*)+0x2e5
V  [libjvm.so+0x915f23]  JavaCalls::call_static(JavaValue*, Klass*, Symbol*, Symbol*, JavaCallArguments*, JavaThread*)+0x113
V  [libjvm.so+0xf3c8a6]  SystemDictionary::invoke_bootstrap_method(BootstrapInfo&, JavaThread*)+0x236
V  [libjvm.so+0xb8d122]  LinkResolver::resolve_dynamic_call(CallInfo&, BootstrapInfo&, JavaThread*)+0x22
V  [libjvm.so+0xb8d2d6]  LinkResolver::resolve_invokedynamic(CallInfo&, constantPoolHandle const&, int, JavaThread*)+0xb6
V  [libjvm.so+0x90c836]  InterpreterRuntime::resolve_invokedynamic(JavaThread*)+0x136
V  [libjvm.so+0x90e0cd]  InterpreterRuntime::resolve_from_cache(JavaThread*, Bytecodes::Code)+0x14d
j  sun.tools.jcmd.JCmd.main([Ljava/lang/String;)V+226 jdk.jcmd@21.0.8
v  ~StubRoutines::call_stub 0x00007f62ec537cc6
V  [libjvm.so+0x915b55]  JavaCalls::call_helper(JavaValue*, methodHandle const&, JavaCallArguments*, JavaThread*)+0x2e5
V  [libjvm.so+0x9bfaf0]  jni_invoke_static(JNIEnv_*, JavaValue*, _jobject*, JNICallType, _jmethodID*, JNI_ArgumentPusher*, JavaThread*) [clone .constprop.1]+0x390
V  [libjvm.so+0x9c29d7]  jni_CallStaticVoidMethod+0x167
C  [libjli.so+0xa6d4]  JavaMain+0x1054
C  [libjli.so+0xd259]  ThreadJavaMain+0x9
C  [libc.so.6+0x71f54]  start_thread+0x2e4

siginfo: si_signo: 11 (SIGSEGV), si_code: 128 (SI_KERNEL), si_addr: 0x0000000000000000

Registers:
RAX=0x0000000000000000, RBX=0x00007f6283226b58, RCX=0x0000000708ee1118, RDX=0x0000000080500001
RSP=0x00007f62fbdfd908, RBP=0x00007f62fbdfd968, RSI=0x00007f62fbdfd8b8, RDI=0x00007f62ec53f2f2
R8 =0x00007f62f4151310, R9 =0x00007f62f402b440, R10=0x00007f62fd373c40, R11=0x00007f62fbdfd7f0
R12=0x0000000000000000, R13=0x00007f62fbdfd910, R14=0x00007f62fbdfd9a0, R15=0x00007f62f402b440
RIP=0x00007f62ec54f705, EFLAGS=0x0000000000010246, CSGSFS=0x002b000000000033, ERR=0x0000000000000000
  TRAPNO=0x000000000000000d

XMM[0]=0x0000000000000000 0x0000000000000000
XMM[1]=0x0000000000000000 0x00007f6283006988
XMM[2]=0x00007f62f40e0c90 0x00007f6283230a30
XMM[3]=0x0000000000000000 0x00007f62fbdfd289
XMM[4]=0x0000000000000000 0x00007f62f40e0c90
XMM[5]=0x0000000000000000 0x00007f62f402b440
XMM[6]=0x00007f62f402b440 0x00007f62836dca78
XMM[7]=0x0000000000000000 0x00007f62f402b440
XMM[8]=0x8b4c10246c8b4c08 0x24748b4c243c8b4c
XMM[9]=0x0000000000000000 0x0000000000000000
XMM[10]=0x0000000000000000 0x3f3f3f3f3f3f3f3f
XMM[11]=0x0000000000000000 0x9999999999999999
XMM[12]=0x0000000000000000 0x2020202020202020
XMM[13]=0x0000000000000000 0x0000000000000000
XMM[14]=0x0000000000000000 0x0000000000000000
XMM[15]=0x0000000000000000 0x0000000000000000
  MXCSR=0x00001fa2


Register to memory mapping:

RAX=0x0 is null
RBX={method} {0x00007f6283226b58} 'topClass' '()Ljava/lang/Class;' in 'java/lang/invoke/ClassSpecializer'
RCX=0x0000000708ee1118 is an oop: java.lang.invoke.BoundMethodHandle$Specializer 
{0x0000000708ee1118} - klass: 'java/lang/invoke/BoundMethodHandle$Specializer'
 - ---- fields (total size 7 words):
 - private 'topClassIsSuper' 'Z' @12  false (0x00)
 - private final 'topClass' 'Ljava/lang/Class;' @16  a 'java/lang/Class'{0x00000007ffe91010} = 'java/lang/invoke/BoundMethodHandle' (0xfffd2202)
 - private final 'keyType' 'Ljava/lang/Class;' @20  a 'java/lang/Class'{0x00000007ffe7f660} = 'java/lang/String' (0xfffcfecc)
 - private final 'metaType' 'Ljava/lang/Class;' @24  a 'java/lang/Class'{0x00000007ffea4b20} = 'java/lang/invoke/BoundMethodHandle$SpeciesData' (0xfffd4964)
 - private final 'sdAccessor' 'Ljava/lang/invoke/MemberName;' @28  a 'java/lang/invoke/MemberName'{0x0000000708ee0408} = {method} {0x00007f628308eea8} 'speciesData' '()Ljava/lang/invoke/BoundMethodHandle$SpeciesData;' in 'java/lang/invoke/BoundMethodHandle' (0xe11dc081)
 - private final 'sdFieldName' 'Ljava/lang/String;' @32  "BMH_SPECIES"{0x00000007ffe5ab80} (0xfffcb570)
 - private final 'transformMethods' 'Ljava/util/List;' @36  a 'java/util/ImmutableCollections$ListN'{0x0000000708ee1100} (0xe11dc220)
 - private final 'baseConstructorType' 'Ljava/lang/invoke/MethodType;' @40  a 'java/lang/invoke/MethodType'{0x0000000708ee1180} = (Ljava/lang/invoke/MethodType;Ljava/lang/invoke/LambdaForm;)V (0xe11dc230)
 - private final 'topSpecies' 'Ljava/lang/invoke/ClassSpecializer$SpeciesData;' @44  a 'java/lang/invoke/BoundMethodHandle$SpeciesData'{0x0000000708ee1840} (0xe11dc308)
 - private final 'cache' 'Ljava/util/concurrent/ConcurrentHashMap;' @48  a 'java/util/concurrent/ConcurrentHashMap'{0x0000000708ee1268} (0xe11dc24d)
 - private final 'factory' 'Ljava/lang/invoke/ClassSpecializer$Factory;' @52  a 'java/lang/invoke/BoundMethodHandle$Specializer$Factory'{0x0000000708ee12c8} (0xe11dc259)
RDX=0x0000000080500001 is an unknown value
RSP=0x00007f62fbdfd908 is pointing into the stack for thread: 0x00007f62f402b440
RBP=0x00007f62fbdfd968 is pointing into the stack for thread: 0x00007f62f402b440
RSI=0x00007f62fbdfd8b8 is pointing into the stack for thread: 0x00007f62f402b440
RDI=0x00007f62ec53f2f2 is at code_begin+1554 in an Interpreter codelet
return entry points  [0x00007f62ec53ece0, 0x00007f62ec53f880]  2976 bytes
R8 =0x00007f62f4151310 points into unknown readable memory: 0x0000000000000000 | 00 00 00 00 00 00 00 00
R9 =0x00007f62f402b440 is a thread
R10=0x00007f62fd373c40: <offset 0x0000000001573c40> in /home/lezh1n/.vscode/extensions/redhat.java-1.46.0-linux-x64/jre/21.0.8-linux-x86_64/lib/server/libjvm.so at 0x00007f62fbe00000
R11=0x00007f62fbdfd7f0 is pointing into the stack for thread: 0x00007f62f402b440
R12=0x0 is null
R13=0x00007f62fbdfd910 is pointing into the stack for thread: 0x00007f62f402b440
R14=0x00007f62fbdfd9a0 is pointing into the stack for thread: 0x00007f62f402b440
R15=0x00007f62f402b440 is a thread

Top of Stack: (sp=0x00007f62fbdfd908)
0x00007f62fbdfd908:   00007f62ec53f2f2 0000000708ee1118
0x00007f62fbdfd918:   00000007ffea56c0 00007f62fbdfd920
0x00007f62fbdfd928:   00007f62838c5ff1 0000000000000007
0x00007f62fbdfd938:   00007f62833c0e20 0000000000000000
0x00007f62fbdfd948:   00000007ffea4ec0 00007f6283227c10
0x00007f62fbdfd958:   00007f62fbdfd910 00007f62fbdfd998
0x00007f62fbdfd968:   00007f62fbdfda00 00007f62ec53f2f2
0x00007f62fbdfd978:   0000000000000000 0000000000000000
0x00007f62fbdfd988:   00000007ffea56c0 0000000708ee3c70
0x00007f62fbdfd998:   0000000708ee3ac8 0000000708ee12c8
0x00007f62fbdfd9a8:   0000000000000001 0000000708ee3a98
0x00007f62fbdfd9b8:   00007f62fbdfd9a8 00007f62838c4f65
0x00007f62fbdfd9c8:   0000000000000008 00007f62833c24d0
0x00007f62fbdfd9d8:   0000000000000000 00000007ffea4de0
0x00007f62fbdfd9e8:   00007f6283226b00 00007f62fbdfd998
0x00007f62fbdfd9f8:   00007f62fbdfda38 00007f62fbdfda90
0x00007f62fbdfda08:   00007f62ec53f2f2 0000000000000000
0x00007f62fbdfda18:   0000000708ee3a98 0000000708ee3a98
0x00007f62fbdfda28:   0000000708ee3ac8 0000000708ee3a98
0x00007f62fbdfda38:   0000000708ee3a68 0000000708ee1118
0x00007f62fbdfda48:   00007f62fbdfda48 00007f6283ac9408
0x00007f62fbdfda58:   0000000000000005 00007f62833fd670
0x00007f62fbdfda68:   0000000000000000 00000007ffea4b20
0x00007f62fbdfda78:   00007f62833fd4d0 00007f62fbdfda38
0x00007f62fbdfda88:   00007f62fbdfdab0 00007f62fbdfdb08
0x00007f62fbdfda98:   00007f62ec53f2f2 0000000000000000
0x00007f62fbdfdaa8:   0000000000000000 0000000708eb46c0
0x00007f62fbdfdab8:   0000000708ee1b48 00007f62fbdfdac0
0x00007f62fbdfdac8:   00007f6283acc035 0000000000000003
0x00007f62fbdfdad8:   00007f62833ff800 0000000000000000
0x00007f62fbdfdae8:   00000007ffe91f10 00007f62833ff500
0x00007f62fbdfdaf8:   00007f62fbdfdab0 00007f62fbdfdb18 

Instructions: (pc=0x00007f62ec54f705)
0x00007f62ec54f605:   eb 50 45 8b 6d 08 49 ba 00 00 00 83 62 7f 00 00
0x00007f62ec54f615:   4d 03 ea 4d 8b d5 4c 33 68 08 49 f7 c5 fc ff ff
0x00007f62ec54f625:   ff 74 2f 41 f6 c5 02 75 29 48 83 78 08 00 74 1e
0x00007f62ec54f635:   48 83 78 08 01 74 17 4d 8b ea 4c 33 68 08 49 f7
0x00007f62ec54f645:   c5 fc ff ff ff 74 0b 48 83 48 08 02 eb 04 4c 89
0x00007f62ec54f655:   68 08 48 83 c0 10 4c 8b 68 e8 41 83 ed 02 41 83
0x00007f62ec54f665:   fd 02 0f 8c 84 00 00 00 4c 8b 6b 08 45 0f b7 6d
0x00007f62ec54f675:   2e 4c 2b 28 41 83 ed 01 4e 8b 6c ec 08 4d 85 ed
0x00007f62ec54f685:   75 0e f6 40 08 01 75 58 f0 48 83 48 08 01 eb 50
0x00007f62ec54f695:   45 8b 6d 08 49 ba 00 00 00 83 62 7f 00 00 4d 03
0x00007f62ec54f6a5:   ea 4d 8b d5 4c 33 68 08 49 f7 c5 fc ff ff ff 74
0x00007f62ec54f6b5:   2f 41 f6 c5 02 75 29 48 83 78 08 00 74 1e 48 83
0x00007f62ec54f6c5:   78 08 01 74 17 4d 8b ea 4c 33 68 08 49 f7 c5 fc
0x00007f62ec54f6d5:   ff ff ff 74 0b 48 83 48 08 02 eb 04 4c 89 68 08
0x00007f62ec54f6e5:   48 83 c0 10 4c 8b 68 d8 41 83 ed 04 41 c1 e5 03
0x00007f62ec54f6f5:   49 03 c5 48 89 45 d8 4c 8d 6c 24 08 4c 89 6d f0
0x00007f62ec54f705:   ff 63 50 8b 41 08 49 ba 00 00 00 83 62 7f 00 00
0x00007f62ec54f715:   49 03 c2 4c 8b 75 d8 4d 85 f6 0f 84 95 00 00 00
0x00007f62ec54f725:   49 8b 56 18 48 3b d0 0f 85 0f 00 00 00 49 83 46
0x00007f62ec54f735:   20 01 49 83 5e 20 00 e9 71 00 00 00 48 85 d2 0f
0x00007f62ec54f745:   84 42 00 00 00 49 8b 56 28 48 3b d0 0f 85 0f 00
0x00007f62ec54f755:   00 00 49 83 46 30 01 49 83 5e 30 00 e9 4c 00 00
0x00007f62ec54f765:   00 48 85 d2 74 0f 49 83 46 08 01 49 83 5e 08 00
0x00007f62ec54f775:   e9 38 00 00 00 49 89 46 28 ba 01 00 00 00 49 89
0x00007f62ec54f785:   56 30 e9 26 00 00 00 49 3b 46 28 0f 85 0f 00 00
0x00007f62ec54f795:   00 49 83 46 30 01 49 83 5e 30 00 e9 0d 00 00 00
0x00007f62ec54f7a5:   49 89 46 18 ba 01 00 00 00 49 89 56 20 49 83 c6
0x00007f62ec54f7b5:   38 4c 89 75 d8 48 8b 9c d8 d0 01 00 00 48 8b 55
0x00007f62ec54f7c5:   d8 48 85 d2 0f 84 3d 01 00 00 80 7a c8 0b 0f 85
0x00007f62ec54f7d5:   33 01 00 00 48 83 c2 08 4c 8b 6a f8 41 83 ed 00
0x00007f62ec54f7e5:   41 83 fd 02 0f 8c 12 01 00 00 4c 8b 6b 08 45 0f
0x00007f62ec54f7f5:   b7 6d 2e 4c 2b 2a 41 83 ed 01 4e 8b 6c ec 08 4d 


Stack slot to memory mapping:

stack at sp + 0 slots: 0x00007f62ec53f2f2 is at code_begin+1554 in an Interpreter codelet
return entry points  [0x00007f62ec53ece0, 0x00007f62ec53f880]  2976 bytes
stack at sp + 1 slots: 0x0000000708ee1118 is an oop: java.lang.invoke.BoundMethodHandle$Specializer 
{0x0000000708ee1118} - klass: 'java/lang/invoke/BoundMethodHandle$Specializer'
 - ---- fields (total size 7 words):
 - private 'topClassIsSuper' 'Z' @12  false (0x00)
 - private final 'topClass' 'Ljava/lang/Class;' @16  a 'java/lang/Class'{0x00000007ffe91010} = 'java/lang/invoke/BoundMethodHandle' (0xfffd2202)
 - private final 'keyType' 'Ljava/lang/Class;' @20  a 'java/lang/Class'{0x00000007ffe7f660} = 'java/lang/String' (0xfffcfecc)
 - private final 'metaType' 'Ljava/lang/Class;' @24  a 'java/lang/Class'{0x00000007ffea4b20} = 'java/lang/invoke/BoundMethodHandle$SpeciesData' (0xfffd4964)
 - private final 'sdAccessor' 'Ljava/lang/invoke/MemberName;' @28  a 'java/lang/invoke/MemberName'{0x0000000708ee0408} = {method} {0x00007f628308eea8} 'speciesData' '()Ljava/lang/invoke/BoundMethodHandle$SpeciesData;' in 'java/lang/invoke/BoundMethodHandle' (0xe11dc081)
 - private final 'sdFieldName' 'Ljava/lang/String;' @32  "BMH_SPECIES"{0x00000007ffe5ab80} (0xfffcb570)
 - private final 'transformMethods' 'Ljava/util/List;' @36  a 'java/util/ImmutableCollections$ListN'{0x0000000708ee1100} (0xe11dc220)
 - private final 'baseConstructorType' 'Ljava/lang/invoke/MethodType;' @40  a 'java/lang/invoke/MethodType'{0x0000000708ee1180} = (Ljava/lang/invoke/MethodType;Ljava/lang/invoke/LambdaForm;)V (0xe11dc230)
 - private final 'topSpecies' 'Ljava/lang/invoke/ClassSpecializer$SpeciesData;' @44  a 'java/lang/invoke/BoundMethodHandle$SpeciesData'{0x0000000708ee1840} (0xe11dc308)
 - private final 'cache' 'Ljava/util/concurrent/ConcurrentHashMap;' @48  a 'java/util/concurrent/ConcurrentHashMap'{0x0000000708ee1268} (0xe11dc24d)
 - private final 'factory' 'Ljava/lang/invoke/ClassSpecializer$Factory;' @52  a 'java/lang/invoke/BoundMethodHandle$Specializer$Factory'{0x0000000708ee12c8} (0xe11dc259)
stack at sp + 2 slots: 0x00000007ffea56c0 is an oop: java.lang.Class 
{0x00000007ffea56c0} - klass: 'java/lang/Class'
 - ---- fields (total size 15 words):
 - private volatile transient 'classRedefinedCount' 'I' @12  0 (0x00000000)
 - injected 'klass' 'J' @16  140061083634224 (0x00007f6283230a30)
 - injected 'array_klass' 'J' @24  0 (0x0000000000000000)
 - injected 'oop_size' 'I' @32  15 (0x0000000f)
 - injected 'static_oop_field_count' 'I' @36  1 (0x00000001)
 - private volatile transient 'cachedConstructor' 'Ljava/lang/reflect/Constructor;' @40  null (0x00000000)
 - private transient 'name' 'Ljava/lang/String;' @44  null (0x00000000)
 - private transient 'module' 'Ljava/lang/Module;' @48  a 'java/lang/Module'{0x0000000708e435a8} (0xe11c86b5)
 - private final 'classLoader' 'Ljava/lang/ClassLoader;' @52  null (0x00000000)
 - private transient 'classData' 'Ljava/lang/Object;' @56  null (0x00000000)
 - private transient 'packageName' 'Ljava/lang/String;' @60  null (0x00000000)
 - private final 'componentType' 'Ljava/lang/Class;' @64  null (0x00000000)
 - private volatile transient 'reflectionData' 'Ljava/lang/ref/SoftReference;' @68  null (0x00000000)
 - private volatile transient 'genericInfo' 'Lsun/reflect/generics/repository/ClassRepository;' @72  null (0x00000000)
 - private volatile transient 'enumConstants' '[Ljava/lang/Object;' @76  null (0x00000000)
 - private volatile transient 'enumConstantDirectory' 'Ljava/util/Map;' @80  null (0x00000000)
 - private volatile transient 'annotationData' 'Ljava/lang/Class$AnnotationData;' @84  null (0x00000000)
 - private volatile transient 'annotationType' 'Lsun/reflect/annotation/AnnotationType;' @88  null (0x00000000)
 - transient 'classValueMap' 'Ljava/lang/ClassValue$ClassValueMap;' @92  null (0x00000000)
 - injected 'protection_domain' 'Ljava/lang/Object;' @96  null (0x00000000)
 - injected 'signers_name' 'Ljava/lang/Object;' @100  null (0x00000000)
 - injected 'source_file' 'Ljava/lang/Object;' @104  null (0x00000000)
 - injected '<init_lock>' 'Ljava/lang/Object;' @108  [I{0x0000000708ee3cc8} (0xe11dc799)
 - signature: Ljava/lang/invoke/BoundMethodHandle$Species_LL;
 - ---- static fields (1):
 - static 'BMH_SPECIES' 'Ljava/lang/invoke/BoundMethodHandle$SpeciesData;' @112  null (0x00000000)
stack at sp + 3 slots: 0x00007f62fbdfd920 is pointing into the stack for thread: 0x00007f62f402b440
stack at sp + 4 slots: 0x00007f62838c5ff1 is pointing into metadata
stack at sp + 5 slots: 0x0000000000000007 is an unknown value
stack at sp + 6 slots: 0x00007f62833c0e20 is pointing into metadata
stack at sp + 7 slots: 0x0 is null

invokevirtual  182 invokevirtual  [0x00007f62ec54f460, 0x00007f62ec54f918]  1208 bytes
[MachCode]
  0x00007f62ec54f460: 4883 ec08 | c5fa 1104 | 24eb 1f48 | 83ec 10c5 | fb11 0424 | eb14 4883 | ec10 4889 | 0424 48c7 
  0x00007f62ec54f480: 4424 0800 | 0000 00eb | 0150 4c89 | 6dc0 410f | b755 0148 | 8b4d d0c1 | e202 8b5c | d138 c1eb 
  0x00007f62ec54f4a0: 1881 e3ff | 0000 0081 | fbb6 0000 | 000f 849e | 0000 00bb | b600 0000 | e805 0000 | 00e9 8300 
  0x00007f62ec54f4c0: 0000 488b | f348 8d44 | 2408 4c89 | 6dc0 498b | ffc5 f877 | 4989 afa8 | 0300 0049 | 8987 9803 
  0x00007f62ec54f4e0: 0000 40f6 | c40f 0f84 | 1200 0000 | 4883 ec08 | e88b ea1b | 1048 83c4 | 08e9 0500 | 0000 e87d 
  0x00007f62ec54f500: ea1b 1049 | c787 9803 | 0000 0000 | 0000 49c7 | 87a8 0300 | 0000 0000 | 0049 c787 | a003 0000 
  0x00007f62ec54f520: 0000 0000 | c5f8 7749 | 837f 0800 | 0f84 0500 | 0000 e9c9 | 86fe ff4c | 8b6d c04c | 8b75 c84e 
  0x00007f62ec54f540: 8d74 f500 | c341 0fb7 | 5501 488b | 4dd0 c1e2 | 0248 8b5c | d148 8b54 | d150 8bca | 81e1 ff00 
  0x00007f62ec54f560: 0000 488b | 4ccc f844 | 8bea c1ea | 1c49 ba40 | 3c37 fd62 | 7f00 0049 | 8b14 d252 | 418b d54c 
  0x00007f62ec54f580: 8b6d c08b | c225 0000 | 1000 0f84 | 7801 0000 | 483b 0148 | 8b45 d848 | 85c0 0f84 | 1200 0000 
  0x00007f62ec54f5a0: 4883 4008 | 0148 8358 | 0800 4883 | c038 4889 | 45d8 488b | 45d8 4885 | c00f 843d | 0100 0080 
  0x00007f62ec54f5c0: 78c8 0b0f | 8533 0100 | 0048 83c0 | 084c 8b68 | f841 83ed | 0041 83fd | 020f 8c12 | 0100 004c 
  0x00007f62ec54f5e0: 8b6b 0845 | 0fb7 6d2e | 4c2b 2841 | 83ed 014e | 8b6c ec08 | 4d85 ed75 | 0ef6 4008 | 0175 58f0 
  0x00007f62ec54f600: 4883 4808 | 01eb 5045 | 8b6d 0849 | ba00 0000 | 8362 7f00 | 004d 03ea | 4d8b d54c | 3368 0849 
  0x00007f62ec54f620: f7c5 fcff | ffff 742f | 41f6 c502 | 7529 4883 | 7808 0074 | 1e48 8378 | 0801 7417 | 4d8b ea4c 
  0x00007f62ec54f640: 3368 0849 | f7c5 fcff | ffff 740b | 4883 4808 | 02eb 044c | 8968 0848 | 83c0 104c | 8b68 e841 
  0x00007f62ec54f660: 83ed 0241 | 83fd 020f | 8c84 0000 | 004c 8b6b | 0845 0fb7 | 6d2e 4c2b | 2841 83ed | 014e 8b6c 
  0x00007f62ec54f680: ec08 4d85 | ed75 0ef6 | 4008 0175 | 58f0 4883 | 4808 01eb | 5045 8b6d | 0849 ba00 | 0000 8362 
  0x00007f62ec54f6a0: 7f00 004d | 03ea 4d8b | d54c 3368 | 0849 f7c5 | fcff ffff | 742f 41f6 | c502 7529 | 4883 7808 
  0x00007f62ec54f6c0: 0074 1e48 | 8378 0801 | 7417 4d8b | ea4c 3368 | 0849 f7c5 | fcff ffff | 740b 4883 | 4808 02eb 
  0x00007f62ec54f6e0: 044c 8968 | 0848 83c0 | 104c 8b68 | d841 83ed | 0441 c1e5 | 0349 03c5 | 4889 45d8 | 4c8d 6c24 
  0x00007f62ec54f700: 084c 896d | f0ff 6350 | 8b41 0849 | ba00 0000 | 8362 7f00 | 0049 03c2 | 4c8b 75d8 | 4d85 f60f 
  0x00007f62ec54f720: 8495 0000 | 0049 8b56 | 1848 3bd0 | 0f85 0f00 | 0000 4983 | 4620 0149 | 835e 2000 | e971 0000 
  0x00007f62ec54f740: 0048 85d2 | 0f84 4200 | 0000 498b | 5628 483b | d00f 850f | 0000 0049 | 8346 3001 | 4983 5e30 
  0x00007f62ec54f760: 00e9 4c00 | 0000 4885 | d274 0f49 | 8346 0801 | 4983 5e08 | 00e9 3800 | 0000 4989 | 4628 ba01 
  0x00007f62ec54f780: 0000 0049 | 8956 30e9 | 2600 0000 | 493b 4628 | 0f85 0f00 | 0000 4983 | 4630 0149 | 835e 3000 
  0x00007f62ec54f7a0: e90d 0000 | 0049 8946 | 18ba 0100 | 0000 4989 | 5620 4983 | c638 4c89 | 75d8 488b | 9cd8 d001 
  0x00007f62ec54f7c0: 0000 488b | 55d8 4885 | d20f 843d | 0100 0080 | 7ac8 0b0f | 8533 0100 | 0048 83c2 | 084c 8b6a 
  0x00007f62ec54f7e0: f841 83ed | 0041 83fd | 020f 8c12 | 0100 004c | 8b6b 0845 | 0fb7 6d2e | 4c2b 2a41 | 83ed 014e 
  0x00007f62ec54f800: 8b6c ec08 | 4d85 ed75 | 0ef6 4208 | 0175 58f0 | 4883 4a08 | 01eb 5045 | 8b6d 0849 | ba00 0000 
  0x00007f62ec54f820: 8362 7f00 | 004d 03ea | 4d8b d54c | 336a 0849 | f7c5 fcff | ffff 742f | 41f6 c502 | 7529 4883 
  0x00007f62ec54f840: 7a08 0074 | 1e48 837a | 0801 7417 | 4d8b ea4c | 336a 0849 | f7c5 fcff | ffff 740b | 4883 4a08 
  0x00007f62ec54f860: 02eb 044c | 896a 0848 | 83c2 104c | 8b6a e841 | 83ed 0241 | 83fd 020f | 8c84 0000 | 004c 8b6b 
  0x00007f62ec54f880: 0845 0fb7 | 6d2e 4c2b | 2a41 83ed | 014e 8b6c | ec08 4d85 | ed75 0ef6 | 4208 0175 | 58f0 4883 
  0x00007f62ec54f8a0: 4a08 01eb | 5045 8b6d | 0849 ba00 | 0000 8362 | 7f00 004d | 03ea 4d8b | d54c 336a | 0849 f7c5 
  0x00007f62ec54f8c0: fcff ffff | 742f 41f6 | c502 7529 | 4883 7a08 | 0074 1e48 | 837a 0801 | 7417 4d8b | ea4c 336a 
  0x00007f62ec54f8e0: 0849 f7c5 | fcff ffff | 740b 4883 | 4a08 02eb | 044c 896a | 0848 83c2 | 104c 8b6a | d841 83ed 
  0x00007f62ec54f900: 0441 c1e5 | 0349 03d5 | 4889 55d8 | 4c8d 6c24 | 084c 896d | f0ff 6350 
[/MachCode]

---------------  P R O C E S S  ---------------

Threads class SMR info:
_java_thread_list=0x00007f62f414a270, length=10, elements={
0x00007f62f402b440, 0x00007f62f4102870, 0x00007f62f4103dd0, 0x00007f62f4105550,
0x00007f62f4106b80, 0x00007f62f4108110, 0x00007f62f4109c40, 0x00007f62f410b2f0,
0x00007f62f413f630, 0x00007f62f41491d0
}

Java Threads: ( => current thread )
=>0x00007f62f402b440 JavaThread "main"                              [_thread_in_Java, id=326584, stack(0x00007f62fbd00000,0x00007f62fbe00000) (1024K)]
  0x00007f62f4102870 JavaThread "Reference Handler"          daemon [_thread_blocked, id=326592, stack(0x00007f62dce16000,0x00007f62dcf16000) (1024K)]
  0x00007f62f4103dd0 JavaThread "Finalizer"                  daemon [_thread_blocked, id=326593, stack(0x00007f62dcd16000,0x00007f62dce16000) (1024K)]
  0x00007f62f4105550 JavaThread "Signal Dispatcher"          daemon [_thread_blocked, id=326594, stack(0x00007f62dcc16000,0x00007f62dcd16000) (1024K)]
  0x00007f62f4106b80 JavaThread "Service Thread"             daemon [_thread_blocked, id=326595, stack(0x00007f62dcb16000,0x00007f62dcc16000) (1024K)]
  0x00007f62f4108110 JavaThread "Monitor Deflation Thread"   daemon [_thread_blocked, id=326596, stack(0x00007f62dca16000,0x00007f62dcb16000) (1024K)]
  0x00007f62f4109c40 JavaThread "C2 CompilerThread0"         daemon [_thread_blocked, id=326597, stack(0x00007f62dc916000,0x00007f62dca16000) (1024K)]
  0x00007f62f410b2f0 JavaThread "C1 CompilerThread0"         daemon [_thread_blocked, id=326598, stack(0x00007f62dc816000,0x00007f62dc916000) (1024K)]
  0x00007f62f413f630 JavaThread "Notification Thread"        daemon [_thread_blocked, id=326599, stack(0x00007f62dc716000,0x00007f62dc816000) (1024K)]
  0x00007f62f41491d0 JavaThread "Common-Cleaner"             daemon [_thread_blocked, id=326601, stack(0x00007f62dc616000,0x00007f62dc716000) (1024K)]
Total: 10

Other Threads:
  0x00007f62f40f9460 VMThread "VM Thread"                           [id=326591, stack(0x00007f62dcf17000,0x00007f62dd017000) (1024K)]
  0x00007f62f40e74b0 WatcherThread "VM Periodic Task Thread"        [id=326590, stack(0x00007f62dd018000,0x00007f62dd118000) (1024K)]
  0x00007f62f4093770 WorkerThread "GC Thread#0"                     [id=326585, stack(0x00007f62e0027000,0x00007f62e0127000) (1024K)]
  0x00007f62f40a4510 ConcurrentGCThread "G1 Main Marker"            [id=326586, stack(0x00007f62dff26000,0x00007f62e0026000) (1024K)]
  0x00007f62f40a54b0 WorkerThread "G1 Conc#0"                       [id=326587, stack(0x00007f62dfe25000,0x00007f62dff25000) (1024K)]
  0x00007f62f40d4cc0 ConcurrentGCThread "G1 Refine#0"               [id=326588, stack(0x00007f62dd2f6000,0x00007f62dd3f6000) (1024K)]
  0x00007f62f40d5c70 ConcurrentGCThread "G1 Service"                [id=326589, stack(0x00007f62dd1f5000,0x00007f62dd2f5000) (1024K)]
Total: 7

Threads with active compile tasks:
Total: 0

VM state: not at safepoint (normal execution)

VM Mutex/Monitor currently owned by a thread: None

Heap address: 0x0000000708800000, size: 3960 MB, Compressed Oops mode: Zero based, Oop shift amount: 3

CDS archive(s) mapped at: [0x00007f6283000000-0x00007f6283bbf000-0x00007f6283bbf000), size 12316672, SharedBaseAddress: 0x00007f6283000000, ArchiveRelocationMode: 1.
Compressed class space mapped at: 0x00007f6284000000-0x00007f62c4000000, reserved size: 1073741824
Narrow klass base: 0x00007f6283000000, Narrow klass shift: 0, Narrow klass range: 0x100000000

GC Precious Log:
 CardTable entry size: 512
 Card Set container configuration: InlinePtr #cards 4 size 8 Array Of Cards #cards 16 size 48 Howl #buckets 8 coarsen threshold 3686 Howl Bitmap #cards 512 size 80 coarsen threshold 460 Card regions per heap region 1 cards per card region 4096
 CPUs: 12 total, 12 available
 Memory: 15834M
 Large Page Support: Disabled
 NUMA Support: Disabled
 Compressed Oops: Enabled (Zero based)
 Heap Region Size: 2M
 Heap Min Capacity: 8M
 Heap Initial Capacity: 8M
 Heap Max Capacity: 3960M
 Pre-touch: Disabled
 Parallel Workers: 10
 Concurrent Workers: 3
 Concurrent Refinement Workers: 10
 Periodic GC: Disabled

Heap:
 garbage-first heap   total 10240K, used 1066K [0x0000000708800000, 0x0000000800000000)
  region size 2048K, 1 young (2048K), 0 survivors (0K)
 Metaspace       used 290K, committed 448K, reserved 1114112K
  class space    used 21K, committed 128K, reserved 1048576K

Heap Regions: E=young(eden), S=young(survivor), O=old, HS=humongous(starts), HC=humongous(continues), CS=collection set, F=free, TAMS=top-at-mark-start, PB=parsable bottom
|   0|0x0000000708800000, 0x0000000708800000, 0x0000000708a00000|  0%| F|  |TAMS 0x0000000708800000| PB 0x0000000708800000| Untracked 
|   1|0x0000000708a00000, 0x0000000708a00000, 0x0000000708c00000|  0%| F|  |TAMS 0x0000000708a00000| PB 0x0000000708a00000| Untracked 
|   2|0x0000000708c00000, 0x0000000708c00000, 0x0000000708e00000|  0%| F|  |TAMS 0x0000000708c00000| PB 0x0000000708c00000| Untracked 
|   3|0x0000000708e00000, 0x0000000708ee81e8, 0x0000000709000000| 45%| E|  |TAMS 0x0000000708e00000| PB 0x0000000708e00000| Complete 
|1979|0x00000007ffe00000, 0x00000007fff0aa80, 0x0000000800000000| 52%| O|  |TAMS 0x00000007ffe00000| PB 0x00000007ffe00000| Untracked 

Card table byte_map: [0x00007f62e3f87000,0x00007f62e4743000] _byte_map_base: 0x00007f62e0743000

Marking Bits: (CMBitMap*) 0x00007f62f4094290
 Bits: [0x00007f62e01a7000, 0x00007f62e3f87000)

Polling page: 0x00007f62fd738000

Metaspace:

Usage:
  Non-class:    268.87 KB used.
      Class:     21.15 KB used.
       Both:    290.02 KB used.

Virtual space:
  Non-class space:       64.00 MB reserved,     320.00 KB ( <1%) committed,  1 nodes.
      Class space:        1.00 GB reserved,     128.00 KB ( <1%) committed,  1 nodes.
             Both:        1.06 GB reserved,     448.00 KB ( <1%) committed. 

Chunk freelists:
   Non-Class:  11.98 MB
       Class:  15.74 MB
        Both:  27.72 MB

MaxMetaspaceSize: unlimited
CompressedClassSpaceSize: 1.00 GB
Initial GC threshold: 21.00 MB
Current GC threshold: 21.00 MB
CDS: on
 - commit_granule_bytes: 65536.
 - commit_granule_words: 8192.
 - virtual_space_node_default_size: 8388608.
 - enlarge_chunks_in_place: 1.
 - use_allocation_guard: 0.


Internal statistics:

num_allocs_failed_limit: 0.
num_arena_births: 4.
num_arena_deaths: 0.
num_vsnodes_births: 2.
num_vsnodes_deaths: 0.
num_space_committed: 7.
num_space_uncommitted: 0.
num_chunks_returned_to_freelist: 0.
num_chunks_taken_from_freelist: 9.
num_chunk_merges: 0.
num_chunk_splits: 5.
num_chunks_enlarged: 2.
num_inconsistent_stats: 0.

CodeHeap 'non-profiled nmethods': size=120028Kb used=39Kb max_used=39Kb free=119988Kb
 bounds [0x00007f62ecac9000, 0x00007f62ecd39000, 0x00007f62f4000000]
CodeHeap 'profiled nmethods': size=120028Kb used=145Kb max_used=145Kb free=119883Kb
 bounds [0x00007f62e5000000, 0x00007f62e5270000, 0x00007f62ec537000]
CodeHeap 'non-nmethods': size=5704Kb used=1250Kb max_used=1250Kb free=4453Kb
 bounds [0x00007f62ec537000, 0x00007f62ec7a7000, 0x00007f62ecac9000]
CodeCache: size=245760Kb, used=1434Kb, max_used=1434Kb, free=244324Kb
 total_blobs=515, nmethods=131, adapters=290, full_count=0
Compilation: enabled, stopped_count=0, restarted_count=0

Compilation events (20 events):
Event: 0.044 Thread 0x00007f62f410b2f0  115       3       java.lang.StringLatin1::hashCode (52 bytes)
Event: 0.044 Thread 0x00007f62f410b2f0 nmethod 115 0x00007f62e501fa10 code [0x00007f62e501fbc0, 0x00007f62e501fde0]
Event: 0.044 Thread 0x00007f62f410b2f0  116   !   3       java.nio.DirectByteBuffer::get (34 bytes)
Event: 0.044 Thread 0x00007f62f410b2f0 nmethod 116 0x00007f62e501fe90 code [0x00007f62e50200e0, 0x00007f62e5020a40]
Event: 0.044 Thread 0x00007f62f410b2f0  114       3       java.util.Arrays::copyOfRange (25 bytes)
Event: 0.045 Thread 0x00007f62f410b2f0 nmethod 114 0x00007f62e5020f10 code [0x00007f62e50211a0, 0x00007f62e5021d20]
Event: 0.045 Thread 0x00007f62f410b2f0  117       3       java.lang.StringLatin1::indexOfChar (33 bytes)
Event: 0.045 Thread 0x00007f62f410b2f0 nmethod 117 0x00007f62e5022190 code [0x00007f62e5022340, 0x00007f62e5022558]
Event: 0.045 Thread 0x00007f62f410b2f0  118       3       java.lang.Math::max (11 bytes)
Event: 0.045 Thread 0x00007f62f410b2f0 nmethod 118 0x00007f62e5022690 code [0x00007f62e5022820, 0x00007f62e5022950]
Event: 0.046 Thread 0x00007f62f410b2f0  124       1       java.lang.invoke.MethodType::returnType (5 bytes)
Event: 0.046 Thread 0x00007f62f410b2f0 nmethod 124 0x00007f62ecad1e10 code [0x00007f62ecad1fa0, 0x00007f62ecad2068]
Event: 0.046 Thread 0x00007f62f410b2f0  125       3       java.lang.ref.ReferenceQueue::headIsNull (13 bytes)
Event: 0.046 Thread 0x00007f62f410b2f0 nmethod 125 0x00007f62e5022a10 code [0x00007f62e5022ba0, 0x00007f62e5022d00]
Event: 0.046 Thread 0x00007f62f410b2f0  126       3       jdk.internal.util.ReferencedKeyMap::removeStaleReferences (30 bytes)
Event: 0.046 Thread 0x00007f62f410b2f0 nmethod 126 0x00007f62e5022d90 code [0x00007f62e5022f60, 0x00007f62e50232c0]
Event: 0.046 Thread 0x00007f62f410b2f0  127   !   3       java.lang.ref.NativeReferenceQueue::poll (28 bytes)
Event: 0.046 Thread 0x00007f62f410b2f0 nmethod 127 0x00007f62e5023410 code [0x00007f62e50235e0, 0x00007f62e5023930]
Event: 0.046 Thread 0x00007f62f410b2f0  128       3       java.lang.invoke.MethodTypeForm::canonicalize (74 bytes)
Event: 0.046 Thread 0x00007f62f410b2f0 nmethod 128 0x00007f62e5023a90 code [0x00007f62e5023cc0, 0x00007f62e5024258]

GC Heap History (0 events):
No events

Dll operation events (5 events):
Event: 0.001 Loaded shared library /home/lezh1n/.vscode/extensions/redhat.java-1.46.0-linux-x64/jre/21.0.8-linux-x86_64/lib/libjava.so
Event: 0.025 Loaded shared library /home/lezh1n/.vscode/extensions/redhat.java-1.46.0-linux-x64/jre/21.0.8-linux-x86_64/lib/libzip.so
Event: 0.035 Loaded shared library /home/lezh1n/.vscode/extensions/redhat.java-1.46.0-linux-x64/jre/21.0.8-linux-x86_64/lib/libnio.so
Event: 0.036 Loaded shared library /home/lezh1n/.vscode/extensions/redhat.java-1.46.0-linux-x64/jre/21.0.8-linux-x86_64/lib/libjimage.so
Event: 0.041 Loaded shared library /home/lezh1n/.vscode/extensions/redhat.java-1.46.0-linux-x64/jre/21.0.8-linux-x86_64/lib/libzip.so

Deoptimization events (4 events):
Event: 0.046 Thread 0x00007f62f402b440 Uncommon trap: trap_request=0xffffff45 fr.pc=0x00007f62ecacc2bc relative=0x000000000000009c
Event: 0.046 Thread 0x00007f62f402b440 Uncommon trap: reason=unstable_if action=reinterpret pc=0x00007f62ecacc2bc method=java.lang.String.hashCode()I @ 13 c2
Event: 0.046 Thread 0x00007f62f402b440 DEOPT PACKING pc=0x00007f62ecacc2bc sp=0x00007f62fbdfd0b0
Event: 0.046 Thread 0x00007f62f402b440 DEOPT UNPACKING pc=0x00007f62ec58af99 sp=0x00007f62fbdfd068 mode 2

Classes loaded (20 events):
Event: 0.041 Loading class jdk/internal/jimage/decompressor/StringSharingDecompressorFactory
Event: 0.041 Loading class jdk/internal/jimage/decompressor/StringSharingDecompressorFactory done
Event: 0.041 Loading class jdk/internal/jimage/decompressor/ZipDecompressor
Event: 0.041 Loading class jdk/internal/jimage/decompressor/ResourceDecompressor
Event: 0.041 Loading class jdk/internal/jimage/decompressor/ResourceDecompressor done
Event: 0.041 Loading class jdk/internal/jimage/decompressor/ZipDecompressor done
Event: 0.042 Loading class sun/net/www/protocol/jrt/Handler
Event: 0.042 Loading class sun/net/www/protocol/jrt/Handler done
Event: 0.043 Loading class java/io/IOException
Event: 0.043 Loading class java/io/IOException done
Event: 0.043 Loading class java/net/URISyntaxException
Event: 0.043 Loading class java/net/URISyntaxException done
Event: 0.044 Loading class java/io/Reader
Event: 0.044 Loading class java/io/Reader done
Event: 0.044 Loading class java/io/FileReader
Event: 0.044 Loading class java/io/InputStreamReader
Event: 0.044 Loading class java/io/InputStreamReader done
Event: 0.044 Loading class java/io/FileReader done
Event: 0.045 Loading class java/lang/NumberFormatException
Event: 0.045 Loading class java/lang/NumberFormatException done

Classes unloaded (0 events):
No events

Classes redefined (0 events):
No events

Internal exceptions (0 events):
No events

ZGC Phase Switch (0 events):
No events

VM Operations (0 events):
No events

Memory protections (10 events):
Event: 0.001 Protecting memory [0x00007f62fbd00000,0x00007f62fbd04000] with protection modes 0
Event: 0.016 Protecting memory [0x00007f62dce16000,0x00007f62dce1a000] with protection modes 0
Event: 0.017 Protecting memory [0x00007f62dcd16000,0x00007f62dcd1a000] with protection modes 0
Event: 0.017 Protecting memory [0x00007f62dcc16000,0x00007f62dcc1a000] with protection modes 0
Event: 0.017 Protecting memory [0x00007f62dcb16000,0x00007f62dcb1a000] with protection modes 0
Event: 0.017 Protecting memory [0x00007f62dca16000,0x00007f62dca1a000] with protection modes 0
Event: 0.017 Protecting memory [0x00007f62dc916000,0x00007f62dc91a000] with protection modes 0
Event: 0.017 Protecting memory [0x00007f62dc816000,0x00007f62dc81a000] with protection modes 0
Event: 0.034 Protecting memory [0x00007f62dc716000,0x00007f62dc71a000] with protection modes 0
Event: 0.040 Protecting memory [0x00007f62dc616000,0x00007f62dc61a000] with protection modes 0

Nmethod flushes (0 events):
No events

Events (10 events):
Event: 0.009 Thread 0x00007f62f402b440 Thread added: 0x00007f62f402b440
Event: 0.016 Thread 0x00007f62f402b440 Thread added: 0x00007f62f4102870
Event: 0.016 Thread 0x00007f62f402b440 Thread added: 0x00007f62f4103dd0
Event: 0.017 Thread 0x00007f62f402b440 Thread added: 0x00007f62f4105550
Event: 0.017 Thread 0x00007f62f402b440 Thread added: 0x00007f62f4106b80
Event: 0.017 Thread 0x00007f62f402b440 Thread added: 0x00007f62f4108110
Event: 0.017 Thread 0x00007f62f402b440 Thread added: 0x00007f62f4109c40
Event: 0.017 Thread 0x00007f62f402b440 Thread added: 0x00007f62f410b2f0
Event: 0.034 Thread 0x00007f62f402b440 Thread added: 0x00007f62f413f630
Event: 0.040 Thread 0x00007f62f402b440 Thread added: 0x00007f62f41491d0


Dynamic libraries:
708800000-709000000 rw-p 00000000 00:00 0 
709000000-7ffe00000 ---p 00000000 00:00 0 
7ffe00000-7fff0b000 rw-p 00bfb000 00:21 4754655                          /home/lezh1n/.vscode/extensions/redhat.java-1.46.0-linux-x64/jre/21.0.8-linux-x86_64/lib/server/classes.jsa
7fff0b000-800000000 rw-p 00000000 00:00 0 
55ef73b31000-55ef73b32000 r-xp 00000000 00:21 4754617                    /home/lezh1n/.vscode/extensions/redhat.java-1.46.0-linux-x64/jre/21.0.8-linux-x86_64/bin/jcmd
55ef73b33000-55ef73b34000 r--p 00001000 00:21 4754617                    /home/lezh1n/.vscode/extensions/redhat.java-1.46.0-linux-x64/jre/21.0.8-linux-x86_64/bin/jcmd
55ef73b34000-55ef73b35000 rw-p 00002000 00:21 4754617                    /home/lezh1n/.vscode/extensions/redhat.java-1.46.0-linux-x64/jre/21.0.8-linux-x86_64/bin/jcmd
55efaa797000-55efaa7dd000 rw-p 00000000 00:00 0                          [heap]
7f6244000000-7f6244021000 rw-p 00000000 00:00 0 
7f6244021000-7f6248000000 ---p 00000000 00:00 0 
7f6248000000-7f6248021000 rw-p 00000000 00:00 0 
7f6248021000-7f624c000000 ---p 00000000 00:00 0 
7f624c000000-7f624c0d7000 rw-p 00000000 00:00 0 
7f624c0d7000-7f6250000000 ---p 00000000 00:00 0 
7f6250000000-7f6250040000 rw-p 00000000 00:00 0 
7f6250040000-7f6254000000 ---p 00000000 00:00 0 
7f6254000000-7f6254021000 rw-p 00000000 00:00 0 
7f6254021000-7f6258000000 ---p 00000000 00:00 0 
7f6258000000-7f6258021000 rw-p 00000000 00:00 0 
7f6258021000-7f625c000000 ---p 00000000 00:00 0 
7f625c000000-7f625c021000 rw-p 00000000 00:00 0 
7f625c021000-7f6260000000 ---p 00000000 00:00 0 
7f6260000000-7f6260021000 rw-p 00000000 00:00 0 
7f6260021000-7f6264000000 ---p 00000000 00:00 0 
7f6264000000-7f6264021000 rw-p 00000000 00:00 0 
7f6264021000-7f6268000000 ---p 00000000 00:00 0 
7f626a000000-7f6277e70000 r--p 00000000 00:21 4816568                    /usr/lib/locale/locale-archive
7f6278000000-7f6278021000 rw-p 00000000 00:00 0 
7f6278021000-7f627c000000 ---p 00000000 00:00 0 
7f627f000000-7f627f040000 rw-p 00000000 00:00 0 
7f627f040000-7f627f400000 ---p 00000000 00:00 0 
7f627f400000-7f627f410000 rw-p 00000000 00:00 0 
7f627f410000-7f6283000000 ---p 00000000 00:00 0 
7f6283000000-7f6283bbf000 rw-p 00001000 00:21 4754655                    /home/lezh1n/.vscode/extensions/redhat.java-1.46.0-linux-x64/jre/21.0.8-linux-x86_64/lib/server/classes.jsa
7f6283bbf000-7f6284000000 ---p 00000000 00:00 0 
7f6284000000-7f6284010000 rw-p 00000000 00:00 0 
7f6284010000-7f6284040000 ---p 00000000 00:00 0 
7f6284040000-7f6284050000 rw-p 00000000 00:00 0 
7f6284050000-7f62c4000000 ---p 00000000 00:00 0 
7f62c4000000-7f62c4021000 rw-p 00000000 00:00 0 
7f62c4021000-7f62c8000000 ---p 00000000 00:00 0 
7f62c8000000-7f62c8021000 rw-p 00000000 00:00 0 
7f62c8021000-7f62cc000000 ---p 00000000 00:00 0 
7f62cc000000-7f62cc021000 rw-p 00000000 00:00 0 
7f62cc021000-7f62d0000000 ---p 00000000 00:00 0 
7f62d0000000-7f62d0021000 rw-p 00000000 00:00 0 
7f62d0021000-7f62d4000000 ---p 00000000 00:00 0 
7f62d4000000-7f62d4021000 rw-p 00000000 00:00 0 
7f62d4021000-7f62d8000000 ---p 00000000 00:00 0 
7f62d8000000-7f62d8021000 rw-p 00000000 00:00 0 
7f62d8021000-7f62dc000000 ---p 00000000 00:00 0 
7f62dc17a000-7f62dc616000 rw-p 00000000 00:00 0 
7f62dc616000-7f62dc61a000 ---p 00000000 00:00 0 
7f62dc61a000-7f62dc716000 rw-p 00000000 00:00 0 
7f62dc716000-7f62dc71a000 ---p 00000000 00:00 0 
7f62dc71a000-7f62dc816000 rw-p 00000000 00:00 0 
7f62dc816000-7f62dc81a000 ---p 00000000 00:00 0 
7f62dc81a000-7f62dc916000 rw-p 00000000 00:00 0 
7f62dc916000-7f62dc91a000 ---p 00000000 00:00 0 
7f62dc91a000-7f62dca16000 rw-p 00000000 00:00 0 
7f62dca16000-7f62dca1a000 ---p 00000000 00:00 0 
7f62dca1a000-7f62dcb16000 rw-p 00000000 00:00 0 
7f62dcb16000-7f62dcb1a000 ---p 00000000 00:00 0 
7f62dcb1a000-7f62dcc16000 rw-p 00000000 00:00 0 
7f62dcc16000-7f62dcc1a000 ---p 00000000 00:00 0 
7f62dcc1a000-7f62dcd16000 rw-p 00000000 00:00 0 
7f62dcd16000-7f62dcd1a000 ---p 00000000 00:00 0 
7f62dcd1a000-7f62dce16000 rw-p 00000000 00:00 0 
7f62dce16000-7f62dce1a000 ---p 00000000 00:00 0 
7f62dce1a000-7f62dcf16000 rw-p 00000000 00:00 0 
7f62dcf16000-7f62dcf17000 ---p 00000000 00:00 0 
7f62dcf17000-7f62dd017000 rw-p 00000000 00:00 0 
7f62dd017000-7f62dd018000 ---p 00000000 00:00 0 
7f62dd018000-7f62dd118000 rw-p 00000000 00:00 0 
7f62dd118000-7f62dd1f4000 rw-p 00000000 00:00 0 
7f62dd1f4000-7f62dd1f5000 ---p 00000000 00:00 0 
7f62dd1f5000-7f62dd2f5000 rw-p 00000000 00:00 0 
7f62dd2f5000-7f62dd2f6000 ---p 00000000 00:00 0 
7f62dd2f6000-7f62dd3f6000 rw-p 00000000 00:00 0 
7f62dd3f6000-7f62dfe00000 rw-p 00000000 00:00 0 
7f62dfe24000-7f62dfe25000 ---p 00000000 00:00 0 
7f62dfe25000-7f62dff25000 rw-p 00000000 00:00 0 
7f62dff25000-7f62dff26000 ---p 00000000 00:00 0 
7f62dff26000-7f62e0026000 rw-p 00000000 00:00 0 
7f62e0026000-7f62e0027000 ---p 00000000 00:00 0 
7f62e0027000-7f62e0127000 rw-p 00000000 00:00 0 
7f62e0127000-7f62e01c7000 rw-p 00000000 00:00 0 
7f62e01c7000-7f62e3f7f000 ---p 00000000 00:00 0 
7f62e3f7f000-7f62e3f8b000 rw-p 00000000 00:00 0 
7f62e3f8b000-7f62e4742000 ---p 00000000 00:00 0 
7f62e4742000-7f62e4747000 rw-p 00000000 00:00 0 
7f62e4747000-7f62e4efe000 ---p 00000000 00:00 0 
7f62e4efe000-7f62e5000000 rw-p 00000000 00:00 0 
7f62e5000000-7f62e5270000 rwxp 00000000 00:00 0 
7f62e5270000-7f62ec537000 ---p 00000000 00:00 0 
7f62ec537000-7f62ec7a7000 rwxp 00000000 00:00 0 
7f62ec7a7000-7f62ecac9000 ---p 00000000 00:00 0 
7f62ecac9000-7f62ecd39000 rwxp 00000000 00:00 0 
7f62ecd39000-7f62f4000000 ---p 00000000 00:00 0 
7f62f4000000-7f62f419d000 rw-p 00000000 00:00 0 
7f62f419d000-7f62f8000000 ---p 00000000 00:00 0 
7f62f800c000-7f62f891a000 rw-p 00000000 00:00 0 
7f62f891a000-7f62f8a00000 ---p 00000000 00:00 0 
7f62f8a00000-7f62fbbd2000 r--s 00000000 00:21 4754541                    /home/lezh1n/.vscode/extensions/redhat.java-1.46.0-linux-x64/jre/21.0.8-linux-x86_64/lib/modules
7f62fbbf1000-7f62fbbfd000 r-xp 00000000 00:21 4754552                    /home/lezh1n/.vscode/extensions/redhat.java-1.46.0-linux-x64/jre/21.0.8-linux-x86_64/lib/libnet.so
7f62fbbfd000-7f62fbbfe000 r--p 0000b000 00:21 4754552                    /home/lezh1n/.vscode/extensions/redhat.java-1.46.0-linux-x64/jre/21.0.8-linux-x86_64/lib/libnet.so
7f62fbbfe000-7f62fbbff000 rw-p 0000c000 00:21 4754552                    /home/lezh1n/.vscode/extensions/redhat.java-1.46.0-linux-x64/jre/21.0.8-linux-x86_64/lib/libnet.so
7f62fbbff000-7f62fbc13000 r-xp 00000000 00:21 4754551                    /home/lezh1n/.vscode/extensions/redhat.java-1.46.0-linux-x64/jre/21.0.8-linux-x86_64/lib/libnio.so
7f62fbc13000-7f62fbc14000 r--p 00013000 00:21 4754551                    /home/lezh1n/.vscode/extensions/redhat.java-1.46.0-linux-x64/jre/21.0.8-linux-x86_64/lib/libnio.so
7f62fbc14000-7f62fbc15000 rw-p 00014000 00:21 4754551                    /home/lezh1n/.vscode/extensions/redhat.java-1.46.0-linux-x64/jre/21.0.8-linux-x86_64/lib/libnio.so
7f62fbc15000-7f62fbc1a000 rw-p 00000000 00:00 0 
7f62fbc1a000-7f62fbd00000 ---p 00000000 00:00 0 
7f62fbd00000-7f62fbd04000 ---p 00000000 00:00 0 
7f62fbd04000-7f62fbe00000 rw-p 00000000 00:00 0 
7f62fbe00000-7f62fd21b000 r-xp 00000000 00:21 4754652                    /home/lezh1n/.vscode/extensions/redhat.java-1.46.0-linux-x64/jre/21.0.8-linux-x86_64/lib/server/libjvm.so
7f62fd21b000-7f62fd21c000 ---p 0141b000 00:21 4754652                    /home/lezh1n/.vscode/extensions/redhat.java-1.46.0-linux-x64/jre/21.0.8-linux-x86_64/lib/server/libjvm.so
7f62fd21c000-7f62fd2f0000 r--p 0141b000 00:21 4754652                    /home/lezh1n/.vscode/extensions/redhat.java-1.46.0-linux-x64/jre/21.0.8-linux-x86_64/lib/server/libjvm.so
7f62fd2f0000-7f62fd320000 rw-p 014ef000 00:21 4754652                    /home/lezh1n/.vscode/extensions/redhat.java-1.46.0-linux-x64/jre/21.0.8-linux-x86_64/lib/server/libjvm.so
7f62fd320000-7f62fd386000 rw-p 00000000 00:00 0 
7f62fd38c000-7f62fd3a7000 r-xp 00000000 00:21 4754542                    /home/lezh1n/.vscode/extensions/redhat.java-1.46.0-linux-x64/jre/21.0.8-linux-x86_64/lib/libzip.so
7f62fd3a7000-7f62fd3a8000 r--p 0001a000 00:21 4754542                    /home/lezh1n/.vscode/extensions/redhat.java-1.46.0-linux-x64/jre/21.0.8-linux-x86_64/lib/libzip.so
7f62fd3a8000-7f62fd3a9000 rw-p 0001b000 00:21 4754542                    /home/lezh1n/.vscode/extensions/redhat.java-1.46.0-linux-x64/jre/21.0.8-linux-x86_64/lib/libzip.so
7f62fd3a9000-7f62fd3ef000 rw-p 00000000 00:00 0 
7f62fd3ef000-7f62fd3f6000 ---p 00000000 00:00 0 
7f62fd3f6000-7f62fd416000 r-xp 00000000 00:21 4754566                    /home/lezh1n/.vscode/extensions/redhat.java-1.46.0-linux-x64/jre/21.0.8-linux-x86_64/lib/libjava.so
7f62fd416000-7f62fd417000 ---p 00020000 00:21 4754566                    /home/lezh1n/.vscode/extensions/redhat.java-1.46.0-linux-x64/jre/21.0.8-linux-x86_64/lib/libjava.so
7f62fd417000-7f62fd418000 r--p 00020000 00:21 4754566                    /home/lezh1n/.vscode/extensions/redhat.java-1.46.0-linux-x64/jre/21.0.8-linux-x86_64/lib/libjava.so
7f62fd418000-7f62fd419000 rw-p 00021000 00:21 4754566                    /home/lezh1n/.vscode/extensions/redhat.java-1.46.0-linux-x64/jre/21.0.8-linux-x86_64/lib/libjava.so
7f62fd419000-7f62fd41a000 rw-p 00000000 00:00 0 
7f62fd41a000-7f62fd435000 r-xp 00000000 00:21 4754562                    /home/lezh1n/.vscode/extensions/redhat.java-1.46.0-linux-x64/jre/21.0.8-linux-x86_64/lib/libjimage.so
7f62fd435000-7f62fd436000 ---p 0001b000 00:21 4754562                    /home/lezh1n/.vscode/extensions/redhat.java-1.46.0-linux-x64/jre/21.0.8-linux-x86_64/lib/libjimage.so
7f62fd436000-7f62fd438000 r--p 0001b000 00:21 4754562                    /home/lezh1n/.vscode/extensions/redhat.java-1.46.0-linux-x64/jre/21.0.8-linux-x86_64/lib/libjimage.so
7f62fd438000-7f62fd439000 rw-p 0001d000 00:21 4754562                    /home/lezh1n/.vscode/extensions/redhat.java-1.46.0-linux-x64/jre/21.0.8-linux-x86_64/lib/libjimage.so
7f62fd439000-7f62fd4b5000 r-xp 00000000 00:21 4817109                    /usr/lib64/libm.so.6
7f62fd4b5000-7f62fd525000 r--p 0007c000 00:21 4817109                    /usr/lib64/libm.so.6
7f62fd525000-7f62fd526000 r--p 000eb000 00:21 4817109                    /usr/lib64/libm.so.6
7f62fd526000-7f62fd527000 rw-p 000ec000 00:21 4817109                    /usr/lib64/libm.so.6
7f62fd527000-7f62fd528000 r-xp 00000000 00:21 4817117                    /usr/lib64/librt.so.1
7f62fd528000-7f62fd529000 r--p 00001000 00:21 4817117                    /usr/lib64/librt.so.1
7f62fd529000-7f62fd52a000 r--p 00001000 00:21 4817117                    /usr/lib64/librt.so.1
7f62fd52a000-7f62fd52f000 rw-p 00000000 00:00 0 
7f62fd52f000-7f62fd69e000 r-xp 00000000 00:21 4817107                    /usr/lib64/libc.so.6
7f62fd69e000-7f62fd713000 r--p 0016f000 00:21 4817107                    /usr/lib64/libc.so.6
7f62fd713000-7f62fd717000 r--p 001e3000 00:21 4817107                    /usr/lib64/libc.so.6
7f62fd717000-7f62fd719000 rw-p 001e7000 00:21 4817107                    /usr/lib64/libc.so.6
7f62fd719000-7f62fd721000 rw-p 00000000 00:00 0 
7f62fd721000-7f62fd722000 r-xp 00000000 00:21 4817108                    /usr/lib64/libdl.so.2
7f62fd722000-7f62fd723000 r--p 00001000 00:21 4817108                    /usr/lib64/libdl.so.2
7f62fd723000-7f62fd724000 r--p 00001000 00:21 4817108                    /usr/lib64/libdl.so.2
7f62fd724000-7f62fd725000 rw-p 00000000 00:00 0 
7f62fd725000-7f62fd726000 r-xp 00000000 00:21 4817115                    /usr/lib64/libpthread.so.0
7f62fd726000-7f62fd727000 r--p 00001000 00:21 4817115                    /usr/lib64/libpthread.so.0
7f62fd727000-7f62fd728000 r--p 00001000 00:21 4817115                    /usr/lib64/libpthread.so.0
7f62fd728000-7f62fd729000 rw-p 00000000 00:00 0 
7f62fd729000-7f62fd730000 r--s 00000000 00:21 4820523                    /usr/lib64/gconv/gconv-modules.cache
7f62fd730000-7f62fd738000 rw-s 00000000 00:29 5607                       /tmp/hsperfdata_lezh1n/326583
7f62fd738000-7f62fd739000 ---p 00000000 00:00 0 
7f62fd739000-7f62fd73a000 r--p 00000000 00:00 0 
7f62fd73a000-7f62fd73b000 ---p 00000000 00:00 0 
7f62fd73b000-7f62fd754000 r-xp 00000000 00:21 4754561                    /home/lezh1n/.vscode/extensions/redhat.java-1.46.0-linux-x64/jre/21.0.8-linux-x86_64/lib/libjli.so
7f62fd754000-7f62fd755000 r--p 00018000 00:21 4754561                    /home/lezh1n/.vscode/extensions/redhat.java-1.46.0-linux-x64/jre/21.0.8-linux-x86_64/lib/libjli.so
7f62fd755000-7f62fd756000 rw-p 00019000 00:21 4754561                    /home/lezh1n/.vscode/extensions/redhat.java-1.46.0-linux-x64/jre/21.0.8-linux-x86_64/lib/libjli.so
7f62fd756000-7f62fd758000 rw-p 00000000 00:00 0 
7f62fd758000-7f62fd75c000 r--p 00000000 00:00 0                          [vvar]
7f62fd75c000-7f62fd75e000 r--p 00000000 00:00 0                          [vvar_vclock]
7f62fd75e000-7f62fd760000 r-xp 00000000 00:00 0                          [vdso]
7f62fd760000-7f62fd789000 r-xp 00000000 00:21 4817104                    /usr/lib64/ld-linux-x86-64.so.2
7f62fd789000-7f62fd794000 r--p 00029000 00:21 4817104                    /usr/lib64/ld-linux-x86-64.so.2
7f62fd794000-7f62fd796000 r--p 00034000 00:21 4817104                    /usr/lib64/ld-linux-x86-64.so.2
7f62fd796000-7f62fd797000 rw-p 00036000 00:21 4817104                    /usr/lib64/ld-linux-x86-64.so.2
7f62fd797000-7f62fd798000 rw-p 00000000 00:00 0 
7ffeb434c000-7ffeb436e000 rw-p 00000000 00:00 0                          [stack]
ffffffffff600000-ffffffffff601000 --xp 00000000 00:00 0                  [vsyscall]
Total number of mappings: 173

JVMTI agents: none


VM Arguments:
jvm_args: -Dapplication.home=/home/lezh1n/.vscode/extensions/redhat.java-1.46.0-linux-x64/jre/21.0.8-linux-x86_64 -Xms8m -Djdk.module.main=jdk.jcmd 
java_command: jdk.jcmd/sun.tools.jcmd.JCmd 19645 VM.uptime
java_class_path (initial): <not set>
Launcher Type: SUN_STANDARD

[Global flags]
     intx CICompilerCount                          = 4                                         {product} {ergonomic}
     uint ConcGCThreads                            = 3                                         {product} {ergonomic}
     uint G1ConcRefinementThreads                  = 10                                        {product} {ergonomic}
   size_t G1HeapRegionSize                         = 2097152                                   {product} {ergonomic}
    uintx GCDrainStackTargetSize                   = 64                                        {product} {ergonomic}
   size_t InitialHeapSize                          = 8388608                                   {product} {command line}
   size_t MarkStackSize                            = 4194304                                   {product} {ergonomic}
   size_t MaxHeapSize                              = 4152360960                                {product} {ergonomic}
   size_t MaxNewSize                               = 2491416576                                {product} {ergonomic}
   size_t MinHeapDeltaBytes                        = 2097152                                   {product} {ergonomic}
   size_t MinHeapSize                              = 8388608                                   {product} {command line}
    uintx NonNMethodCodeHeapSize                   = 5839372                                {pd product} {ergonomic}
    uintx NonProfiledCodeHeapSize                  = 122909434                              {pd product} {ergonomic}
    uintx ProfiledCodeHeapSize                     = 122909434                              {pd product} {ergonomic}
    uintx ReservedCodeCacheSize                    = 251658240                              {pd product} {ergonomic}
     bool SegmentedCodeCache                       = true                                      {product} {ergonomic}
   size_t SoftMaxHeapSize                          = 4152360960                             {manageable} {ergonomic}
     bool UseCompressedOops                        = true                           {product lp64_product} {ergonomic}
     bool UseG1GC                                  = true                                      {product} {ergonomic}

Logging:
Log output configuration:
 #0: stdout all=warning uptime,level,tags foldmultilines=false
 #1: stderr all=off uptime,level,tags foldmultilines=false

Environment Variables:
PATH=/usr/local/bin:/usr/bin:/home/lezh1n/.local/bin:/home/lezh1n/.local/bin
USERNAME=lezh1n
SHELL=/usr/bin/zsh
DISPLAY=:0
LANG=en_US.UTF-8
TERM=xterm-256color

Active Locale:
LC_ALL=en_US.UTF-8
LC_COLLATE=en_US.UTF-8
LC_CTYPE=en_US.UTF-8
LC_MESSAGES=en_US.UTF-8
LC_MONETARY=en_US.UTF-8
LC_NUMERIC=en_US.UTF-8
LC_TIME=en_US.UTF-8

Signal Handlers:
   SIGSEGV: crash_handler in libjvm.so, mask=11100100010111111101111111111110, flags=SA_RESTART|SA_SIGINFO, unblocked
    SIGBUS: crash_handler in libjvm.so, mask=11100100010111111101111111111110, flags=SA_RESTART|SA_SIGINFO, unblocked
    SIGFPE: crash_handler in libjvm.so, mask=11100100010111111101111111111110, flags=SA_RESTART|SA_SIGINFO, unblocked
   SIGPIPE: javaSignalHandler in libjvm.so, mask=11100100010111111101111111111110, flags=SA_RESTART|SA_SIGINFO, blocked
   SIGXFSZ: javaSignalHandler in libjvm.so, mask=11100100010111111101111111111110, flags=SA_RESTART|SA_SIGINFO, blocked
    SIGILL: crash_handler in libjvm.so, mask=11100100010111111101111111111110, flags=SA_RESTART|SA_SIGINFO, unblocked
   SIGUSR2: SR_handler in libjvm.so, mask=00000000000000000000000000000000, flags=SA_RESTART|SA_SIGINFO, blocked
    SIGHUP: UserHandler in libjvm.so, mask=11100100010111111101111111111110, flags=SA_RESTART|SA_SIGINFO, blocked
    SIGINT: UserHandler in libjvm.so, mask=11100100010111111101111111111110, flags=SA_RESTART|SA_SIGINFO, blocked
   SIGTERM: UserHandler in libjvm.so, mask=11100100010111111101111111111110, flags=SA_RESTART|SA_SIGINFO, blocked
   SIGQUIT: UserHandler in libjvm.so, mask=11100100010111111101111111111110, flags=SA_RESTART|SA_SIGINFO, blocked
   SIGTRAP: crash_handler in libjvm.so, mask=11100100010111111101111111111110, flags=SA_RESTART|SA_SIGINFO, unblocked


Periodic native trim disabled

---------------  S Y S T E M  ---------------

OS:
Fedora release 42 (Adams)
uname: Linux 6.16.10-200.fc42.x86_64 #1 SMP PREEMPT_DYNAMIC Thu Oct  2 19:23:55 UTC 2025 x86_64
OS uptime: 0 days 8:48 hours
libc: glibc 2.41 NPTL 2.41 
rlimit (soft/hard): STACK 8192k/infinity , CORE infinity/infinity , NPROC 62358/62358 , NOFILE 524288/524288 , AS infinity/infinity , CPU infinity/infinity , DATA infinity/infinity , FSIZE infinity/infinity , MEMLOCK 8192k/8192k
load average: 1.00 1.56 1.33

/proc/meminfo:
MemTotal:       16214056 kB
MemFree:          271828 kB
MemAvailable:    3963060 kB
Buffers:             340 kB
Cached:          4177908 kB
SwapCached:         3932 kB
Active:          9002536 kB
Inactive:        5330740 kB
Active(anon):    8026728 kB
Inactive(anon):  2535384 kB
Active(file):     975808 kB
Inactive(file):  2795356 kB
Unevictable:        5864 kB
Mlocked:            5864 kB
SwapTotal:       8388604 kB
SwapFree:        7411008 kB
Zswap:                 0 kB
Zswapped:              0 kB
Dirty:             10164 kB
Writeback:             0 kB
AnonPages:      10159672 kB
Mapped:          1388832 kB
Shmem:            401988 kB
KReclaimable:     277236 kB
Slab:             566852 kB
SReclaimable:     277236 kB
SUnreclaim:       289616 kB
KernelStack:       38652 kB
PageTables:       115772 kB
SecPageTables:      1028 kB
NFS_Unstable:          0 kB
Bounce:                0 kB
WritebackTmp:          0 kB
CommitLimit:    16495632 kB
Committed_AS:   30172648 kB
VmallocTotal:   34359738367 kB
VmallocUsed:      169032 kB
VmallocChunk:          0 kB
Percpu:            10464 kB
HardwareCorrupted:     0 kB
AnonHugePages:         0 kB
ShmemHugePages:        0 kB
ShmemPmdMapped:        0 kB
FileHugePages:     24576 kB
FilePmdMapped:     24576 kB
CmaTotal:              0 kB
CmaFree:               0 kB
Unaccepted:            0 kB
Balloon:               0 kB
HugePages_Total:       0
HugePages_Free:        0
HugePages_Rsvd:        0
HugePages_Surp:        0
Hugepagesize:       2048 kB
Hugetlb:               0 kB
DirectMap4k:     2370140 kB
DirectMap2M:    14260224 kB
DirectMap1G:           0 kB

/sys/kernel/mm/transparent_hugepage/enabled: always [madvise] never
/sys/kernel/mm/transparent_hugepage/hpage_pmd_size: 2097152
/sys/kernel/mm/transparent_hugepage/defrag (defrag/compaction efforts parameter): always defer defer+madvise [madvise] never

Process Memory:
Virtual Size: 7008912K (peak: 7008984K)
Resident Set Size: 46864K (peak: 46864K) (anon: 23256K, file: 23576K, shmem: 32K)
Swapped out: 0K
C-Heap outstanding allocations: 29321K, retained: 2014K
glibc malloc tunables: (default)

/proc/sys/kernel/threads-max (system-wide limit on the number of threads): 124716
/proc/sys/vm/max_map_count (maximum number of memory map areas a process may have): 1048576
/proc/sys/vm/swappiness (control to define how aggressively the kernel swaps out anonymous memory): 60
/proc/sys/kernel/pid_max (system-wide limit on number of process identifiers): 4194304

container (cgroup) information:
container_type: cgroupv2
cpu_cpuset_cpus: not supported
cpu_memory_nodes: not supported
active_processor_count: 12
cpu_quota: no quota
cpu_period: 100000
cpu_shares: no shares
memory_limit_in_bytes: unlimited
memory_and_swap_limit_in_bytes: unlimited
memory_soft_limit_in_bytes: 0
memory_usage_in_bytes: 5769540 k
memory_max_usage_in_bytes: not supported
memory_swap_current_in_bytes: 475176 k
memory_swap_max_limit_in_bytes: unlimited
maximum number of tasks: 18707
current number of tasks: 433

Steal ticks since vm start: 0
Steal ticks percentage since vm start:  0.000

CPU: total 12 (initial active 12) (6 cores per cpu, 2 threads per core) family 6 model 151 stepping 5 microcode 0x3a, cx8, cmov, fxsr, ht, mmx, 3dnowpref, sse, sse2, sse3, ssse3, sse4.1, sse4.2, popcnt, lzcnt, tsc, tscinvbit, avx, avx2, aes, erms, clmul, bmi1, bmi2, adx, sha, fma, vzeroupper, clflush, clflushopt, clwb, serialize, rdtscp, rdpid, fsrm, f16c, pku, ospke, cet_ibt, cet_ss
CPU Model and flags from /proc/cpuinfo:
model name	: 12th Gen Intel(R) Core(TM) i5-12400F
flags		: fpu vme de pse tsc msr pae mce cx8 apic sep mtrr pge mca cmov pat pse36 clflush dts acpi mmx fxsr sse sse2 ss ht tm pbe syscall nx pdpe1gb rdtscp lm constant_tsc art arch_perfmon pebs bts rep_good nopl xtopology nonstop_tsc cpuid aperfmperf tsc_known_freq pni pclmulqdq dtes64 monitor ds_cpl vmx est tm2 ssse3 sdbg fma cx16 xtpr pdcm pcid sse4_1 sse4_2 x2apic movbe popcnt tsc_deadline_timer aes xsave avx f16c rdrand lahf_lm abm 3dnowprefetch cpuid_fault ssbd ibrs ibpb stibp ibrs_enhanced tpr_shadow flexpriority ept vpid ept_ad fsgsbase tsc_adjust bmi1 avx2 smep bmi2 erms invpcid rdseed adx smap clflushopt clwb intel_pt sha_ni xsaveopt xsavec xgetbv1 xsaves split_lock_detect user_shstk avx_vnni dtherm ida arat pln pts hwp hwp_notify hwp_act_window hwp_epp hwp_pkg_req hfi vnmi umip pku ospke waitpkg gfni vaes vpclmulqdq rdpid movdiri movdir64b fsrm md_clear serialize arch_lbr ibt flush_l1d arch_capabilities

Online cpus: 0-11
Offline cpus: 
BIOS frequency limitation: <Not Available>
Frequency switch latency (ns): 0
Available cpu frequencies: <Not Available>
Current governor: powersave
Core performance/turbo boost: <Not Available>

Memory: 4k page, physical 16214056k(3963060k free), swap 8388604k(7410800k free)
Page Sizes: 4k

vm_info: OpenJDK 64-Bit Server VM (21.0.8+9-LTS) for linux-amd64 JRE (21.0.8+9-LTS), built on 2025-07-15T00:00:00Z by "admin" with gcc 11.3.0

END.
